<?xml version="1.0" encoding="UTF-8"?>
<!-- Generated by org.testng.reporters.JUnitReportReporter -->
<testsuite hostname="DESKTOP-H4443VU" failures="0" tests="3" name="testNG.testaNgclass" time="41.238" errors="0" timestamp="2022-06-13T21:33:10 GMT-11:00" skipped="0">
  <testcase classname="testNG.testaNgclass" name="method2" time="13.786"/>
  <system-out>
    <![CDATA[method 2 is running]]>
  </system-out>
  <testcase classname="testNG.testaNgclass" name="method3" time="12.701"/>
  <system-out>
    <![CDATA[Method 3 is running]]>
  </system-out>
  <testcase classname="testNG.testaNgclass" name="method1" time="14.751"/>
  <system-out>
    <![CDATA[Method 1 is runing]]>
  </system-out>
</testsuite> <!-- testNG.testaNgclass -->
