<?xml version="1.0" encoding="UTF-8"?>
<!-- Generated by org.testng.reporters.JUnitReportReporter -->
<testsuite hostname="DESKTOP-H4443VU" failures="0" tests="1" name="testNG.AnnotationStudy" time="0.011" errors="0" timestamp="2022-06-15T14:32:16 GMT-11:00" skipped="0">
  <testcase classname="testNG.AnnotationStudy" name="mymethod" time="0.011"/>
  <system-out>
    <![CDATA[My method is running]]>
  </system-out>
</testsuite> <!-- testNG.AnnotationStudy -->
