<?xml version="1.0" encoding="UTF-8"?>
<!-- Generated by org.testng.reporters.JUnitReportReporter -->
<testsuite hostname="DESKTOP-H4443VU" failures="0" tests="4" name="testNG.EnableStudy" time="0.014" errors="0" timestamp="2022-06-15T14:32:16 GMT-11:00" skipped="1">
  <testcase classname="testNG.EnableStudy" name="mymethod4" time="0.004"/>
  <system-out>
    <![CDATA[My method4 is running]]>
  </system-out>
  <testcase classname="testNG.EnableStudy" name="mymethod2" time="0.006"/>
  <system-out>
    <![CDATA[My method2 is running]]>
  </system-out>
  <testcase classname="testNG.EnableStudy" name="mymethod1" time="0.004"/>
  <system-out>
    <![CDATA[My method1 is running]]>
  </system-out>
  <testcase classname="testNG.EnableStudy" name="mymethod3">
    <skipped/>
  </testcase> <!-- mymethod3 -->
  <system-out/>
</testsuite> <!-- testNG.EnableStudy -->
