<?xml version="1.0" encoding="UTF-8"?>
<!-- Generated by org.testng.reporters.JUnitReportReporter -->
<testsuite hostname="DESKTOP-H4443VU" failures="0" tests="1" name="testNGXmlStudy.NewTest3" time="13.900" errors="0" timestamp="2022-06-15T15:37:20 GMT-11:00" skipped="0">
  <testcase classname="testNGXmlStudy.NewTest3" name="method3" time="13.900"/>
  <system-out>
    <![CDATA[Method 3 is runing]]>
  </system-out>
</testsuite> <!-- testNGXmlStudy.NewTest3 -->
