<?xml version="1.0" encoding="UTF-8"?>
<!-- Generated by org.testng.reporters.JUnitReportReporter -->
<testsuite hostname="DESKTOP-H4443VU" failures="0" tests="1" name="kiteAppTest.TestClassUsingProperty" time="3.176" errors="0" timestamp="2022-06-28T11:13:12 GMT-11:00" skipped="0">
  <testcase classname="kiteAppTest.TestClassUsingProperty" name="ValidateKiteUserID" time="3.176"/>
  <system-out>
    <![CDATA[Actual and Expected UserId Are matching,TC is Passed
Success TC name is ValidateKiteUserID]]>
  </system-out>
</testsuite> <!-- kiteAppTest.TestClassUsingProperty -->
