<?xml version="1.0" encoding="UTF-8"?>
<!-- Generated by org.testng.reporters.JUnitReportReporter -->
<testsuite hostname="DESKTOP-H4443VU" failures="0" tests="5" name="testNGXmlStudy.GroupStudy" time="0.009" errors="0" timestamp="2022-06-15T14:36:21 GMT-11:00" skipped="0">
  <testcase classname="testNGXmlStudy.GroupStudy" name="mymethod1" time="0.002"/>
  <system-out>
    <![CDATA[My method1 is running]]>
  </system-out>
  <testcase classname="testNGXmlStudy.GroupStudy" name="mymethod2" time="0.002"/>
  <system-out>
    <![CDATA[My method2 is running]]>
  </system-out>
  <testcase classname="testNGXmlStudy.GroupStudy" name="mymethod5" time="0.001"/>
  <system-out>
    <![CDATA[My method5 is running]]>
  </system-out>
  <testcase classname="testNGXmlStudy.GroupStudy" name="mymethod4" time="0.002"/>
  <system-out>
    <![CDATA[My method4 is running]]>
  </system-out>
  <testcase classname="testNGXmlStudy.GroupStudy" name="mymethod3" time="0.002"/>
  <system-out>
    <![CDATA[My method3 is running]]>
  </system-out>
</testsuite> <!-- testNGXmlStudy.GroupStudy -->
