<?xml version="1.0" encoding="UTF-8"?>
<!-- Generated by org.testng.reporters.JUnitReportReporter -->
<testsuite hostname="DESKTOP-H4443VU" failures="0" tests="2" name="kiteAppTest.TestClassUsingProperty2" time="0.493" errors="0" timestamp="2022-06-22T18:38:08 GMT-11:00" skipped="0">
  <testcase classname="kiteAppTest.TestClassUsingProperty2" name="ValidateUserIDErrorMsg" time="0.265"/>
  <system-out>
    <![CDATA[Actual and Expected UserId Error msg Are matching,TC is Passed
Success TC name is ValidateUserIDErrorMsg]]>
  </system-out>
  <testcase classname="kiteAppTest.TestClassUsingProperty2" name="ValidatePasswordErrMsg" time="0.228"/>
  <system-out>
    <![CDATA[Actual and Expected UserId Error msg Are matching,TC is Passed
Success TC name is ValidatePasswordErrMsg]]>
  </system-out>
</testsuite> <!-- kiteAppTest.TestClassUsingProperty2 -->
