<?xml version="1.0" encoding="UTF-8"?>
<!-- Generated by org.testng.reporters.JUnitReportReporter -->
<testsuite hostname="DESKTOP-H4443VU" failures="0" tests="1" name="TestNgsoftAssert.VCTCtestNgClass" time="0.172" errors="0" timestamp="2022-06-16T16:35:04 GMT-11:00" skipped="0">
  <testcase classname="TestNgsoftAssert.VCTCtestNgClass" name="validateheading" time="0.172"/>
  <system-out/>
</testsuite> <!-- TestNgsoftAssert.VCTCtestNgClass -->
