<?xml version="1.0" encoding="UTF-8"?>
<!-- Generated by org.testng.reporters.JUnitReportReporter -->
<testsuite hostname="DESKTOP-H4443VU" failures="0" tests="2" name="testNG.InvocationCountStudy" time="0.007" errors="0" timestamp="2022-06-15T14:32:16 GMT-11:00" skipped="0">
  <testcase classname="testNG.InvocationCountStudy" name="method2" time="0.005"/>
  <system-out>
    <![CDATA[MEthod 2 is running]]>
  </system-out>
  <testcase classname="testNG.InvocationCountStudy" name="method3" time="0.002"/>
  <system-out>
    <![CDATA[MEthod 3 is running]]>
  </system-out>
</testsuite> <!-- testNG.InvocationCountStudy -->
