<?xml version="1.0" encoding="UTF-8"?>
<!-- Generated by org.testng.reporters.JUnitReportReporter -->
<testsuite hostname="DESKTOP-H4443VU" failures="0" tests="1" name="kiteAppTest.validateUserID" time="5.517" errors="0" timestamp="2022-06-21T11:19:31 GMT-11:00" skipped="0">
  <testcase classname="kiteAppTest.validateUserID" name="ValidateKiteUserID" time="5.517"/>
  <system-out>
    <![CDATA[Actual and Expected UserId Are not not matching,TC is Failed]]>
  </system-out>
</testsuite> <!-- kiteAppTest.validateUserID -->
