<?xml version="1.0" encoding="UTF-8"?>
<!-- Generated by org.testng.reporters.JUnitReportReporter -->
<testsuite hostname="DESKTOP-H4443VU" failures="0" tests="2" name="testNG.DependOnMethodStudy" time="0.008" errors="0" timestamp="2022-06-15T14:32:16 GMT-11:00" skipped="0">
  <testcase classname="testNG.DependOnMethodStudy" name="mymethod2" time="0.006"/>
  <system-out>
    <![CDATA[My method2 is running]]>
  </system-out>
  <testcase classname="testNG.DependOnMethodStudy" name="mymethod1" time="0.002"/>
  <system-out>
    <![CDATA[My method1 is running]]>
  </system-out>
</testsuite> <!-- testNG.DependOnMethodStudy -->
